<?xml version="1.0" encoding="UTF-8"?>
<!-- Generated by org.testng.reporters.JUnitXMLReporter -->
<testsuite ignored="0" hostname="NARAHARI-WOODI-DELL" failures="0" tests="4" name="Test" time="0.02" errors="0" timestamp="04 Mar 2025 12:06:48 GMT">
  <testcase classname="pac1.ContactTest" name="createContactTest" time="0.003"/>
  <testcase classname="pac1.ContactTest" name="modifyContactTest" time="0.0"/>
  <testcase classname="pac2.OrgTest" name="createOrgTest" time="0.0"/>
  <testcase classname="pac2.OrgTest" name="modifyOrgTest" time="0.0"/>
</testsuite> <!-- Test -->
