<?xml version="1.0" encoding="UTF-8"?>
<!-- Generated by org.testng.reporters.JUnitXMLReporter -->
<testsuite hostname="NARAHARI-WOODI-DELL" ignored="0" name="Surefire test" tests="4" failures="0" timestamp="03 Mar 2025 09:40:33 GMT" time="0.031" errors="0">
  <testcase name="createContactTest" time="0.009" classname="pac1.ContactTest"/>
  <testcase name="modifyContactTest" time="0.0" classname="pac1.ContactTest"/>
  <testcase name="createOrgTest" time="0.0" classname="pac2.OrgTest"/>
  <testcase name="modifyOrgTest" time="0.0" classname="pac2.OrgTest"/>
</testsuite> <!-- Surefire test -->
